Copyright 1986-2022 Xilinx, Inc. All Rights Reserved. Copyright 2022-2025 Advanced Micro Devices, Inc. All Rights Reserved.
---------------------------------------------------------------------------------------------------------------------------------------------
| Tool Version : Vivado v.2025.1 (lin64) Build 6140274 Wed May 21 22:58:25 MDT 2025
| Date         : Tue Nov  4 04:50:14 2025
| Host         : luke-MS-7E57 running 64-bit Linux Mint 22.1
| Command      : report_drc -file MatMul_v1_0_drc_routed.rpt -pb MatMul_v1_0_drc_routed.pb -rpx MatMul_v1_0_drc_routed.rpx
| Design       : MatMul_v1_0
| Device       : xc7z020clg484-1
| Speed File   : -1
| Design State : Fully Routed
---------------------------------------------------------------------------------------------------------------------------------------------

Report DRC

Table of Contents
-----------------
1. REPORT SUMMARY
2. REPORT DETAILS

1. REPORT SUMMARY
-----------------
            Netlist: netlist
          Floorplan: design_1
      Design limits: <entire design considered>
           Ruledeck: default
             Max checks: <unlimited>
             Checks found: 4
+----------+------------------+----------------------------+--------+
| Rule     | Severity         | Description                | Checks |
+----------+------------------+----------------------------+--------+
| NSTD-1   | Critical Warning | Unspecified I/O Standard   | 1      |
| UCIO-1   | Critical Warning | Unconstrained Logical Port | 1      |
| PDRC-153 | Warning          | Gated clock check          | 1      |
| ZPS7-1   | Warning          | PS7 block required         | 1      |
+----------+------------------+----------------------------+--------+

2. REPORT DETAILS
-----------------
NSTD-1#1 Critical Warning
Unspecified I/O Standard  
128 out of 128 logical ports use I/O standard (IOSTANDARD) value 'DEFAULT', instead of a user assigned specific value. This may cause I/O contention or incompatibility with the board power or connectivity affecting performance, signal integrity or in extreme cases cause damage to the device or the components to which it is connected. To correct this violation, specify all I/O standards. This design will fail to generate a bitstream unless all logical ports have a user specified I/O standard value defined. To allow bitstream creation with unspecified I/O standard values (not recommended), use this command: set_property SEVERITY {Warning} [get_drc_checks NSTD-1].  NOTE: When using the Vivado Runs infrastructure (e.g. launch_runs Tcl command), add this command to a .tcl file and add that file as a pre-hook for write_bitstream step for the implementation run. Problem ports: m00_axis_tdata[31:0], m00_axis_tlast, m00_axis_tstrb[3:0], m00_axis_tvalid,
s00_axi_aclk, s00_axi_araddr[2], s00_axi_araddr[3], s00_axi_aresetn,
s00_axi_awaddr[2], s00_axi_awaddr[3], s00_axi_bresp[1:0],
s00_axi_rdata[31:0], s00_axi_rresp[1:0], s00_axi_wdata[31:0],
s00_axi_wstrb[3:0] (the first 15 of 27 listed).
Related violations: <none>

UCIO-1#1 Critical Warning
Unconstrained Logical Port  
128 out of 128 logical ports have no user assigned specific location constraint (LOC). This may cause I/O contention or incompatibility with the board power or connectivity affecting performance, signal integrity or in extreme cases cause damage to the device or the components to which it is connected. To correct this violation, specify all pin locations. This design will fail to generate a bitstream unless all logical ports have a user specified site LOC constraint defined.  To allow bitstream creation with unspecified pin locations (not recommended), use this command: set_property SEVERITY {Warning} [get_drc_checks UCIO-1].  NOTE: When using the Vivado Runs infrastructure (e.g. launch_runs Tcl command), add this command to a .tcl file and add that file as a pre-hook for write_bitstream step for the implementation run.  Problem ports: m00_axis_tdata[31:0], m00_axis_tlast, m00_axis_tstrb[3:0], m00_axis_tvalid,
s00_axi_aclk, s00_axi_araddr[2], s00_axi_araddr[3], s00_axi_aresetn,
s00_axi_awaddr[2], s00_axi_awaddr[3], s00_axi_bresp[1:0],
s00_axi_rdata[31:0], s00_axi_rresp[1:0], s00_axi_wdata[31:0],
s00_axi_wstrb[3:0] (the first 15 of 27 listed).
Related violations: <none>

PDRC-153#1 Warning
Gated clock check  
Net accelerator/matr_agu/s00_axis_tready0_out is a gated clock net sourced by a combinational pin accelerator/matr_agu/s00_axis_tready_reg_i_1/O, cell accelerator/matr_agu/s00_axis_tready_reg_i_1. This is not good design practice and will likely impact performance. For SLICE registers, for example, use the CE pin to control the loading of data.
Related violations: <none>

ZPS7-1#1 Warning
PS7 block required  
The PS7 cell must be used in this Zynq design in order to enable correct default configuration.
Related violations: <none>


