
*** Running vivado
    with args -log MatMul_v1_0.vdi -applog -m64 -product Vivado -messageDb vivado.pb -mode batch -source MatMul_v1_0.tcl -notrace


****** Vivado v2025.1 (64-bit)
  **** SW Build 6140274 on Wed May 21 22:58:25 MDT 2025
  **** IP Build 6138677 on Thu May 22 03:10:11 MDT 2025
  **** SharedData Build 6139179 on Tue May 20 17:58:58 MDT 2025
  **** Start of session at: Wed Nov 12 23:30:03 2025
    ** Copyright 1986-2022 Xilinx, Inc. All Rights Reserved.
    ** Copyright 2022-2025 Advanced Micro Devices, Inc. All Rights Reserved.

source MatMul_v1_0.tcl -notrace
INFO: [IP_Flow 19-234] Refreshing IP repositories
WARNING: [IP_Flow 19-2248] Failed to load user IP repository '/home/luke/Vivado_Bunker/Lab_2/lab2_tcl/lab2/ip_repo/MatMul_1.0'; Can't find the specified path.
If this directory should no longer be in your list of user repositories, go to the IP Settings dialog and remove it.
INFO: [IP_Flow 19-2313] Loaded Vivado IP repository '/home/luke/Vivado_Bunker/2025.1/Vivado/data/ip'.
Command: link_design -top MatMul_v1_0 -part xc7z020clg484-1
Design is defaulting to srcset: sources_1
Design is defaulting to constrset: constrs_1
INFO: [Device 21-403] Loading part xc7z020clg484-1
Netlist sorting complete. Time (s): cpu = 00:00:00.01 ; elapsed = 00:00:00 . Memory (MB): peak = 1711.355 ; gain = 0.000 ; free physical = 1184 ; free virtual = 6082
INFO: [Netlist 29-17] Analyzing 55 Unisim elements for replacement
INFO: [Netlist 29-28] Unisim Transformation completed in 0 CPU seconds
INFO: [Project 1-479] Netlist was created with Vivado 2025.1
INFO: [Project 1-570] Preparing netlist for logic optimization
Read ShapeDB Complete: Time (s): cpu = 00:00:00 ; elapsed = 00:00:00 . Memory (MB): peak = 1771.199 ; gain = 0.000 ; free physical = 1080 ; free virtual = 5979
Netlist sorting complete. Time (s): cpu = 00:00:00.01 ; elapsed = 00:00:00 . Memory (MB): peak = 1772.199 ; gain = 0.000 ; free physical = 1080 ; free virtual = 5979
INFO: [Project 1-111] Unisim Transformation Summary:
No Unisim elements were transformed.

8 Infos, 1 Warnings, 0 Critical Warnings and 0 Errors encountered.
link_design completed successfully
Command: opt_design
Attempting to get a license for feature 'Implementation' and/or device 'xc7z020'
INFO: [Common 17-349] Got license for feature 'Implementation' and/or device 'xc7z020'
Running DRC as a precondition to command opt_design

Starting DRC Task
INFO: [DRC 23-27] Running DRC with 8 threads
INFO: [Project 1-461] DRC finished with 0 Errors
INFO: [Project 1-462] Please refer to the DRC report (report_drc) for more information.

Time (s): cpu = 00:00:00.43 ; elapsed = 00:00:00.16 . Memory (MB): peak = 1971.879 ; gain = 199.645 ; free physical = 1002 ; free virtual = 5901

Starting Cache Timing Information Task
INFO: [Timing 38-35] Done setting XDC timing constraints.
Ending Cache Timing Information Task | Checksum: 176e9ea87

Time (s): cpu = 00:00:02 ; elapsed = 00:00:02 . Memory (MB): peak = 2295.832 ; gain = 323.953 ; free physical = 595 ; free virtual = 5516

Starting Logic Optimization Task

Phase 1 Initialization

Phase 1.1 Core Generation And Design Setup
Phase 1.1 Core Generation And Design Setup | Checksum: 176e9ea87

Time (s): cpu = 00:00:00 ; elapsed = 00:00:00 . Memory (MB): peak = 2661.551 ; gain = 0.000 ; free physical = 306 ; free virtual = 5179

Phase 1.2 Setup Constraints And Sort Netlist
Phase 1.2 Setup Constraints And Sort Netlist | Checksum: 176e9ea87

Time (s): cpu = 00:00:00 ; elapsed = 00:00:00 . Memory (MB): peak = 2661.551 ; gain = 0.000 ; free physical = 306 ; free virtual = 5179
Phase 1 Initialization | Checksum: 176e9ea87

Time (s): cpu = 00:00:00 ; elapsed = 00:00:00 . Memory (MB): peak = 2661.551 ; gain = 0.000 ; free physical = 306 ; free virtual = 5179

Phase 2 Timer Update And Timing Data Collection

Phase 2.1 Timer Update
Phase 2.1 Timer Update | Checksum: 176e9ea87

Time (s): cpu = 00:00:00.03 ; elapsed = 00:00:00.01 . Memory (MB): peak = 2661.551 ; gain = 0.000 ; free physical = 306 ; free virtual = 5179

Phase 2.2 Timing Data Collection
Phase 2.2 Timing Data Collection | Checksum: 176e9ea87

Time (s): cpu = 00:00:00.03 ; elapsed = 00:00:00.01 . Memory (MB): peak = 2661.551 ; gain = 0.000 ; free physical = 306 ; free virtual = 5179
Phase 2 Timer Update And Timing Data Collection | Checksum: 176e9ea87

Time (s): cpu = 00:00:00.03 ; elapsed = 00:00:00.01 . Memory (MB): peak = 2661.551 ; gain = 0.000 ; free physical = 306 ; free virtual = 5179

Phase 3 Retarget
INFO: [Opt 31-1851] Number of loadless carry chains removed were: 0
INFO: [Opt 31-1834] Total Chains To Be Transformed Were: 0 AND Number of Transformed insts Created are: 0
INFO: [Opt 31-138] Pushed 0 inverter(s) to 0 load pin(s).
INFO: [Opt 31-49] Retargeted 0 cell(s).
Phase 3 Retarget | Checksum: 176e9ea87

Time (s): cpu = 00:00:00.05 ; elapsed = 00:00:00.03 . Memory (MB): peak = 2661.551 ; gain = 0.000 ; free physical = 305 ; free virtual = 5179
Retarget | Checksum: 176e9ea87
INFO: [Opt 31-389] Phase Retarget created 0 cells and removed 0 cells

Phase 4 Constant propagation
INFO: [Opt 31-138] Pushed 0 inverter(s) to 0 load pin(s).
Phase 4 Constant propagation | Checksum: 14e815268

Time (s): cpu = 00:00:00.05 ; elapsed = 00:00:00.03 . Memory (MB): peak = 2661.551 ; gain = 0.000 ; free physical = 305 ; free virtual = 5179
Constant propagation | Checksum: 14e815268
INFO: [Opt 31-389] Phase Constant propagation created 0 cells and removed 0 cells

Phase 5 Sweep
INFO: [Constraints 18-11670] Building netlist checker database with flags, 0x8
Done building netlist checker database: Time (s): cpu = 00:00:00 ; elapsed = 00:00:00 . Memory (MB): peak = 2661.551 ; gain = 0.000 ; free physical = 305 ; free virtual = 5179
Phase 5 Sweep | Checksum: b6a2ee36

Time (s): cpu = 00:00:00.06 ; elapsed = 00:00:00.04 . Memory (MB): peak = 2661.551 ; gain = 0.000 ; free physical = 305 ; free virtual = 5179
Sweep | Checksum: b6a2ee36
INFO: [Opt 31-389] Phase Sweep created 0 cells and removed 0 cells

Phase 6 BUFG optimization
Phase 6 BUFG optimization | Checksum: b6a2ee36

Time (s): cpu = 00:00:00.06 ; elapsed = 00:00:00.04 . Memory (MB): peak = 2693.566 ; gain = 32.016 ; free physical = 304 ; free virtual = 5177
BUFG optimization | Checksum: b6a2ee36
INFO: [Opt 31-662] Phase BUFG optimization created 0 cells of which 0 are BUFGs and removed 0 cells.

Phase 7 Shift Register Optimization
INFO: [Opt 31-1064] SRL Remap converted 0 SRLs to 0 registers and converted 0 registers of register chains to 0 SRLs
Phase 7 Shift Register Optimization | Checksum: b6a2ee36

Time (s): cpu = 00:00:00.06 ; elapsed = 00:00:00.04 . Memory (MB): peak = 2693.566 ; gain = 32.016 ; free physical = 304 ; free virtual = 5177
Shift Register Optimization | Checksum: b6a2ee36
INFO: [Opt 31-389] Phase Shift Register Optimization created 0 cells and removed 0 cells

Phase 8 Post Processing Netlist
Phase 8 Post Processing Netlist | Checksum: b6a2ee36

Time (s): cpu = 00:00:00.07 ; elapsed = 00:00:00.04 . Memory (MB): peak = 2693.566 ; gain = 32.016 ; free physical = 304 ; free virtual = 5177
Post Processing Netlist | Checksum: b6a2ee36
INFO: [Opt 31-389] Phase Post Processing Netlist created 0 cells and removed 0 cells

Phase 9 Finalization

Phase 9.1 Finalizing Design Cores and Updating Shapes
Phase 9.1 Finalizing Design Cores and Updating Shapes | Checksum: 1a268aa22

Time (s): cpu = 00:00:00.07 ; elapsed = 00:00:00.05 . Memory (MB): peak = 2693.566 ; gain = 32.016 ; free physical = 304 ; free virtual = 5177

Phase 9.2 Verifying Netlist Connectivity

Starting Connectivity Check Task

Time (s): cpu = 00:00:00 ; elapsed = 00:00:00 . Memory (MB): peak = 2693.566 ; gain = 0.000 ; free physical = 304 ; free virtual = 5177
Phase 9.2 Verifying Netlist Connectivity | Checksum: 1a268aa22

Time (s): cpu = 00:00:00.07 ; elapsed = 00:00:00.05 . Memory (MB): peak = 2693.566 ; gain = 32.016 ; free physical = 304 ; free virtual = 5177
Phase 9 Finalization | Checksum: 1a268aa22

Time (s): cpu = 00:00:00.07 ; elapsed = 00:00:00.05 . Memory (MB): peak = 2693.566 ; gain = 32.016 ; free physical = 304 ; free virtual = 5177
Opt_design Change Summary
=========================


-------------------------------------------------------------------------------------------------------------------------
|  Phase                        |  #Cells created  |  #Cells Removed  |  #Constrained objects preventing optimizations  |
-------------------------------------------------------------------------------------------------------------------------
|  Retarget                     |               0  |               0  |                                              0  |
|  Constant propagation         |               0  |               0  |                                              0  |
|  Sweep                        |               0  |               0  |                                              0  |
|  BUFG optimization            |               0  |               0  |                                              0  |
|  Shift Register Optimization  |               0  |               0  |                                              0  |
|  Post Processing Netlist      |               0  |               0  |                                              0  |
-------------------------------------------------------------------------------------------------------------------------


Ending Logic Optimization Task | Checksum: 1a268aa22

Time (s): cpu = 00:00:00.08 ; elapsed = 00:00:00.05 . Memory (MB): peak = 2693.566 ; gain = 32.016 ; free physical = 304 ; free virtual = 5177

Starting Power Optimization Task
INFO: [Pwropt 34-132] Skipping clock gating for clocks with a period < 2.00 ns.
Ending Power Optimization Task | Checksum: 1a268aa22

Time (s): cpu = 00:00:00 ; elapsed = 00:00:00.01 . Memory (MB): peak = 2693.566 ; gain = 0.000 ; free physical = 304 ; free virtual = 5178

Starting Final Cleanup Task
Ending Final Cleanup Task | Checksum: 1a268aa22

Time (s): cpu = 00:00:00 ; elapsed = 00:00:00 . Memory (MB): peak = 2693.566 ; gain = 0.000 ; free physical = 304 ; free virtual = 5178

Starting Netlist Obfuscation Task
Netlist sorting complete. Time (s): cpu = 00:00:00 ; elapsed = 00:00:00 . Memory (MB): peak = 2693.566 ; gain = 0.000 ; free physical = 304 ; free virtual = 5178
Ending Netlist Obfuscation Task | Checksum: 1a268aa22

Time (s): cpu = 00:00:00 ; elapsed = 00:00:00 . Memory (MB): peak = 2693.566 ; gain = 0.000 ; free physical = 304 ; free virtual = 5178
INFO: [Common 17-83] Releasing license: Implementation
28 Infos, 1 Warnings, 0 Critical Warnings and 0 Errors encountered.
opt_design completed successfully
INFO: [Vivado 12-24828] Executing command : report_drc -file MatMul_v1_0_drc_opted.rpt -pb MatMul_v1_0_drc_opted.pb -rpx MatMul_v1_0_drc_opted.rpx
Command: report_drc -file MatMul_v1_0_drc_opted.rpt -pb MatMul_v1_0_drc_opted.pb -rpx MatMul_v1_0_drc_opted.rpx
INFO: [IP_Flow 19-1839] IP Catalog is up to date.
INFO: [DRC 23-27] Running DRC with 8 threads
INFO: [Vivado_Tcl 2-168] The results of DRC are in file /home/luke/Vivado_Bunker/Lab_2/Lab2_handout/Lab2_MatMul/Lab2_MatMul.runs/impl_1/MatMul_v1_0_drc_opted.rpt.
report_drc completed successfully
Write ShapeDB Complete: Time (s): cpu = 00:00:00 ; elapsed = 00:00:00.01 . Memory (MB): peak = 2784.855 ; gain = 0.000 ; free physical = 326 ; free virtual = 5134
INFO: [Common 17-1381] The checkpoint '/home/luke/Vivado_Bunker/Lab_2/Lab2_handout/Lab2_MatMul/Lab2_MatMul.runs/impl_1/MatMul_v1_0_opt.dcp' has been generated.
Command: place_design
Attempting to get a license for feature 'Implementation' and/or device 'xc7z020'
INFO: [Common 17-349] Got license for feature 'Implementation' and/or device 'xc7z020'
INFO: [Common 17-83] Releasing license: Implementation
INFO: [DRC 23-27] Running DRC with 8 threads
INFO: [Vivado_Tcl 4-198] DRC finished with 0 Errors
INFO: [Vivado_Tcl 4-199] Please refer to the DRC report (report_drc) for more information.
Running DRC as a precondition to command place_design
INFO: [DRC 23-27] Running DRC with 8 threads
INFO: [Vivado_Tcl 4-198] DRC finished with 0 Errors
INFO: [Vivado_Tcl 4-199] Please refer to the DRC report (report_drc) for more information.
INFO: [Place 30-611] Multithreading enabled for place_design using a maximum of 8 CPUs

Starting Placer Task

Phase 1 Placer Initialization

Phase 1.1 Placer Initialization Netlist Sorting
Netlist sorting complete. Time (s): cpu = 00:00:00 ; elapsed = 00:00:00 . Memory (MB): peak = 2784.855 ; gain = 0.000 ; free physical = 296 ; free virtual = 5106
Phase 1.1 Placer Initialization Netlist Sorting | Checksum: e883d05e

Time (s): cpu = 00:00:00 ; elapsed = 00:00:00 . Memory (MB): peak = 2784.855 ; gain = 0.000 ; free physical = 296 ; free virtual = 5106
Netlist sorting complete. Time (s): cpu = 00:00:00 ; elapsed = 00:00:00 . Memory (MB): peak = 2784.855 ; gain = 0.000 ; free physical = 296 ; free virtual = 5106

Phase 1.2 IO Placement/ Clock Placement/ Build Placer Device
INFO: [Timing 38-35] Done setting XDC timing constraints.
Phase 1.2 IO Placement/ Clock Placement/ Build Placer Device | Checksum: 160654cb9

Time (s): cpu = 00:00:00.85 ; elapsed = 00:00:00.54 . Memory (MB): peak = 2840.883 ; gain = 56.027 ; free physical = 333 ; free virtual = 5098

Phase 1.3 Build Placer Netlist Model
Phase 1.3 Build Placer Netlist Model | Checksum: 17fff9528

Time (s): cpu = 00:00:00.91 ; elapsed = 00:00:00.57 . Memory (MB): peak = 2840.883 ; gain = 56.027 ; free physical = 331 ; free virtual = 5096

Phase 1.4 Constrain Clocks/Macros
Phase 1.4 Constrain Clocks/Macros | Checksum: 17fff9528

Time (s): cpu = 00:00:00.91 ; elapsed = 00:00:00.58 . Memory (MB): peak = 2840.883 ; gain = 56.027 ; free physical = 331 ; free virtual = 5097
Phase 1 Placer Initialization | Checksum: 17fff9528

Time (s): cpu = 00:00:00.92 ; elapsed = 00:00:00.58 . Memory (MB): peak = 2840.883 ; gain = 56.027 ; free physical = 331 ; free virtual = 5097

Phase 2 Global Placement

Phase 2.1 Floorplanning
Phase 2.1 Floorplanning | Checksum: 17fff9528

Time (s): cpu = 00:00:00.92 ; elapsed = 00:00:00.59 . Memory (MB): peak = 2840.883 ; gain = 56.027 ; free physical = 331 ; free virtual = 5097

Phase 2.2 Update Timing before SLR Path Opt
Phase 2.2 Update Timing before SLR Path Opt | Checksum: 17fff9528

Time (s): cpu = 00:00:00.92 ; elapsed = 00:00:00.59 . Memory (MB): peak = 2840.883 ; gain = 56.027 ; free physical = 331 ; free virtual = 5097

Phase 2.3 Post-Processing in Floorplanning
Phase 2.3 Post-Processing in Floorplanning | Checksum: 17fff9528

Time (s): cpu = 00:00:00.92 ; elapsed = 00:00:00.59 . Memory (MB): peak = 2840.883 ; gain = 56.027 ; free physical = 331 ; free virtual = 5097

Phase 2.4 Global Place Phase1
Phase 2.4 Global Place Phase1 | Checksum: 16b9b99e2

Time (s): cpu = 00:00:02 ; elapsed = 00:00:00.85 . Memory (MB): peak = 2864.895 ; gain = 80.039 ; free physical = 434 ; free virtual = 5130

Phase 2.5 Global Place Phase2
WARNING: [Place 46-29] Timing had been disabled during Placer and, therefore, physical synthesis in Placer will be skipped.
Phase 2.5 Global Place Phase2 | Checksum: 19f797f49

Time (s): cpu = 00:00:02 ; elapsed = 00:00:00.89 . Memory (MB): peak = 2864.895 ; gain = 80.039 ; free physical = 435 ; free virtual = 5132
Phase 2 Global Placement | Checksum: 19f797f49

Time (s): cpu = 00:00:02 ; elapsed = 00:00:00.9 . Memory (MB): peak = 2864.895 ; gain = 80.039 ; free physical = 435 ; free virtual = 5132

Phase 3 Detail Placement

Phase 3.1 Commit Multi Column Macros
Phase 3.1 Commit Multi Column Macros | Checksum: 19f797f49

Time (s): cpu = 00:00:02 ; elapsed = 00:00:00.9 . Memory (MB): peak = 2864.895 ; gain = 80.039 ; free physical = 435 ; free virtual = 5132

Phase 3.2 Commit Most Macros & LUTRAMs
Phase 3.2 Commit Most Macros & LUTRAMs | Checksum: 10f9a42a5

Time (s): cpu = 00:00:02 ; elapsed = 00:00:00.91 . Memory (MB): peak = 2864.895 ; gain = 80.039 ; free physical = 434 ; free virtual = 5131

Phase 3.3 Area Swap Optimization
Phase 3.3 Area Swap Optimization | Checksum: f0eafaf5

Time (s): cpu = 00:00:02 ; elapsed = 00:00:00.92 . Memory (MB): peak = 2864.895 ; gain = 80.039 ; free physical = 434 ; free virtual = 5131

Phase 3.4 Pipeline Register Optimization
Phase 3.4 Pipeline Register Optimization | Checksum: f0eafaf5

Time (s): cpu = 00:00:02 ; elapsed = 00:00:00.92 . Memory (MB): peak = 2864.895 ; gain = 80.039 ; free physical = 434 ; free virtual = 5131

Phase 3.5 Small Shape Detail Placement
Phase 3.5 Small Shape Detail Placement | Checksum: 2095ee8c1

Time (s): cpu = 00:00:02 ; elapsed = 00:00:01 . Memory (MB): peak = 2871.922 ; gain = 87.066 ; free physical = 427 ; free virtual = 5124

Phase 3.6 Re-assign LUT pins
Phase 3.6 Re-assign LUT pins | Checksum: 2095ee8c1

Time (s): cpu = 00:00:02 ; elapsed = 00:00:01 . Memory (MB): peak = 2871.922 ; gain = 87.066 ; free physical = 427 ; free virtual = 5124

Phase 3.7 Pipeline Register Optimization
Phase 3.7 Pipeline Register Optimization | Checksum: 2095ee8c1

Time (s): cpu = 00:00:02 ; elapsed = 00:00:01 . Memory (MB): peak = 2871.922 ; gain = 87.066 ; free physical = 427 ; free virtual = 5124
Phase 3 Detail Placement | Checksum: 2095ee8c1

Time (s): cpu = 00:00:02 ; elapsed = 00:00:01 . Memory (MB): peak = 2871.922 ; gain = 87.066 ; free physical = 427 ; free virtual = 5124

Phase 4 Post Placement Optimization and Clean-Up

Phase 4.1 Post Commit Optimization
Phase 4.1 Post Commit Optimization | Checksum: 2095ee8c1

Time (s): cpu = 00:00:02 ; elapsed = 00:00:01 . Memory (MB): peak = 2871.922 ; gain = 87.066 ; free physical = 427 ; free virtual = 5124

Phase 4.2 Post Placement Cleanup
Phase 4.2 Post Placement Cleanup | Checksum: 2095ee8c1

Time (s): cpu = 00:00:02 ; elapsed = 00:00:01 . Memory (MB): peak = 2871.922 ; gain = 87.066 ; free physical = 427 ; free virtual = 5124

Phase 4.3 Placer Reporting

Phase 4.3.1 Print Estimated Congestion
INFO: [Place 30-612] Post-Placement Estimated Congestion 
 ____________________________________________________
|           | Global Congestion | Short Congestion  |
| Direction | Region Size       | Region Size       |
|___________|___________________|___________________|
|      North|                1x1|                1x1|
|___________|___________________|___________________|
|      South|                1x1|                1x1|
|___________|___________________|___________________|
|       East|                1x1|                1x1|
|___________|___________________|___________________|
|       West|                1x1|                1x1|
|___________|___________________|___________________|

Phase 4.3.1 Print Estimated Congestion | Checksum: 2095ee8c1

Time (s): cpu = 00:00:02 ; elapsed = 00:00:01 . Memory (MB): peak = 2871.922 ; gain = 87.066 ; free physical = 427 ; free virtual = 5124
Phase 4.3 Placer Reporting | Checksum: 2095ee8c1

Time (s): cpu = 00:00:02 ; elapsed = 00:00:01 . Memory (MB): peak = 2871.922 ; gain = 87.066 ; free physical = 427 ; free virtual = 5124

Phase 4.4 Final Placement Cleanup
Netlist sorting complete. Time (s): cpu = 00:00:00 ; elapsed = 00:00:00 . Memory (MB): peak = 2871.922 ; gain = 0.000 ; free physical = 427 ; free virtual = 5124

Time (s): cpu = 00:00:02 ; elapsed = 00:00:01 . Memory (MB): peak = 2871.922 ; gain = 87.066 ; free physical = 427 ; free virtual = 5124
Phase 4 Post Placement Optimization and Clean-Up | Checksum: 26ec4e007

Time (s): cpu = 00:00:02 ; elapsed = 00:00:01 . Memory (MB): peak = 2871.922 ; gain = 87.066 ; free physical = 427 ; free virtual = 5124
Ending Placer Task | Checksum: 1a746fddb

Time (s): cpu = 00:00:02 ; elapsed = 00:00:01 . Memory (MB): peak = 2871.922 ; gain = 87.066 ; free physical = 427 ; free virtual = 5124
44 Infos, 2 Warnings, 0 Critical Warnings and 0 Errors encountered.
place_design completed successfully
INFO: [Vivado 12-24838] Running report commands "report_control_sets, report_io, report_utilization" in parallel.
Running report generation with 3 threads.
INFO: [Vivado 12-24828] Executing command : report_control_sets -verbose -file MatMul_v1_0_control_sets_placed.rpt
report_control_sets: Time (s): cpu = 00:00:00.03 ; elapsed = 00:00:00.04 . Memory (MB): peak = 2871.922 ; gain = 0.000 ; free physical = 409 ; free virtual = 5106
INFO: [Vivado 12-24828] Executing command : report_utilization -file MatMul_v1_0_utilization_placed.rpt -pb MatMul_v1_0_utilization_placed.pb
INFO: [Vivado 12-24828] Executing command : report_io -file MatMul_v1_0_io_placed.rpt
report_io: Time (s): cpu = 00:00:00.1 ; elapsed = 00:00:00.11 . Memory (MB): peak = 2871.922 ; gain = 0.000 ; free physical = 404 ; free virtual = 5102
Write ShapeDB Complete: Time (s): cpu = 00:00:00 ; elapsed = 00:00:00.01 . Memory (MB): peak = 2871.922 ; gain = 0.000 ; free physical = 404 ; free virtual = 5102
Wrote PlaceDB: Time (s): cpu = 00:00:00.04 ; elapsed = 00:00:00.03 . Memory (MB): peak = 2871.922 ; gain = 0.000 ; free physical = 403 ; free virtual = 5102
Wrote PulsedLatchDB: Time (s): cpu = 00:00:00 ; elapsed = 00:00:00 . Memory (MB): peak = 2871.922 ; gain = 0.000 ; free physical = 403 ; free virtual = 5102
Writing XDEF routing.
Writing XDEF routing logical nets.
Writing XDEF routing special nets.
Wrote RouteStorage: Time (s): cpu = 00:00:00.03 ; elapsed = 00:00:00.02 . Memory (MB): peak = 2871.922 ; gain = 0.000 ; free physical = 402 ; free virtual = 5103
Wrote Netlist Cache: Time (s): cpu = 00:00:00 ; elapsed = 00:00:00 . Memory (MB): peak = 2871.922 ; gain = 0.000 ; free physical = 402 ; free virtual = 5102
Wrote Device Cache: Time (s): cpu = 00:00:00 ; elapsed = 00:00:00.01 . Memory (MB): peak = 2871.922 ; gain = 0.000 ; free physical = 401 ; free virtual = 5102
Write Physdb Complete: Time (s): cpu = 00:00:00.07 ; elapsed = 00:00:00.06 . Memory (MB): peak = 2871.922 ; gain = 0.000 ; free physical = 401 ; free virtual = 5102
INFO: [Common 17-1381] The checkpoint '/home/luke/Vivado_Bunker/Lab_2/Lab2_handout/Lab2_MatMul/Lab2_MatMul.runs/impl_1/MatMul_v1_0_placed.dcp' has been generated.
Command: route_design
Attempting to get a license for feature 'Implementation' and/or device 'xc7z020'
INFO: [Common 17-349] Got license for feature 'Implementation' and/or device 'xc7z020'


Starting Routing Task
INFO: [Route 35-254] Multithreading enabled for route_design using a maximum of 8 CPUs

Phase 1 Build RT Design
Checksum: PlaceDB: bec32d7d ConstDB: 0 ShapeSum: d28a5d6e RouteDB: 15f972f0
Post Restoration Checksum: NetGraph: e363a5e7 | NumContArr: f5c02b70 | Constraints: c2a8fa9d | Timing: c2a8fa9d
Phase 1 Build RT Design | Checksum: 35e75c691

Time (s): cpu = 00:00:09 ; elapsed = 00:00:08 . Memory (MB): peak = 2875.871 ; gain = 3.949 ; free physical = 350 ; free virtual = 5049

Phase 2 Router Initialization
INFO: [Route 35-64] No timing constraints were detected. The router will operate in resource-optimization mode.

Phase 2.1 Fix Topology Constraints
Phase 2.1 Fix Topology Constraints | Checksum: 35e75c691

Time (s): cpu = 00:00:09 ; elapsed = 00:00:08 . Memory (MB): peak = 2907.871 ; gain = 35.949 ; free physical = 312 ; free virtual = 5013

Phase 2.2 Pre Route Cleanup
Phase 2.2 Pre Route Cleanup | Checksum: 35e75c691

Time (s): cpu = 00:00:09 ; elapsed = 00:00:08 . Memory (MB): peak = 2907.871 ; gain = 35.949 ; free physical = 312 ; free virtual = 5013
 Number of Nodes with overlaps = 0

Router Utilization Summary
  Global Vertical Routing Utilization    = 0 %
  Global Horizontal Routing Utilization  = 0 %
  Routable Net Status*
  *Does not include unroutable nets such as driverless and loadless.
  Run report_route_status for detailed report.
  Number of Failed Nets               = 1265
    (Failed Nets is the sum of unrouted and partially routed nets)
  Number of Unrouted Nets             = 1265
  Number of Partially Routed Nets     = 0
  Number of Node Overlaps             = 0

Phase 2 Router Initialization | Checksum: 2df27a17f

Time (s): cpu = 00:00:10 ; elapsed = 00:00:08 . Memory (MB): peak = 2940.027 ; gain = 68.105 ; free physical = 348 ; free virtual = 4977

Phase 3 Global Routing
Phase 3 Global Routing | Checksum: 2df27a17f

Time (s): cpu = 00:00:10 ; elapsed = 00:00:08 . Memory (MB): peak = 2940.027 ; gain = 68.105 ; free physical = 348 ; free virtual = 4977

Phase 4 Initial Routing

Phase 4.1 Initial Net Routing Pass
Phase 4.1 Initial Net Routing Pass | Checksum: 280561265

Time (s): cpu = 00:00:10 ; elapsed = 00:00:08 . Memory (MB): peak = 2940.027 ; gain = 68.105 ; free physical = 348 ; free virtual = 4977
Phase 4 Initial Routing | Checksum: 280561265

Time (s): cpu = 00:00:10 ; elapsed = 00:00:08 . Memory (MB): peak = 2940.027 ; gain = 68.105 ; free physical = 348 ; free virtual = 4977

Phase 5 Rip-up And Reroute

Phase 5.1 Global Iteration 0
 Number of Nodes with overlaps = 50
 Number of Nodes with overlaps = 0
Phase 5.1 Global Iteration 0 | Checksum: 24ccf982a

Time (s): cpu = 00:00:10 ; elapsed = 00:00:08 . Memory (MB): peak = 2940.027 ; gain = 68.105 ; free physical = 353 ; free virtual = 4982
Phase 5 Rip-up And Reroute | Checksum: 24ccf982a

Time (s): cpu = 00:00:10 ; elapsed = 00:00:08 . Memory (MB): peak = 2940.027 ; gain = 68.105 ; free physical = 353 ; free virtual = 4982

Phase 6 Delay and Skew Optimization
Phase 6 Delay and Skew Optimization | Checksum: 24ccf982a

Time (s): cpu = 00:00:10 ; elapsed = 00:00:08 . Memory (MB): peak = 2940.027 ; gain = 68.105 ; free physical = 353 ; free virtual = 4982

Phase 7 Post Hold Fix

Phase 7.1 Hold Fix Iter
Phase 7.1 Hold Fix Iter | Checksum: 24ccf982a

Time (s): cpu = 00:00:10 ; elapsed = 00:00:08 . Memory (MB): peak = 2940.027 ; gain = 68.105 ; free physical = 353 ; free virtual = 4982
Phase 7 Post Hold Fix | Checksum: 24ccf982a

Time (s): cpu = 00:00:10 ; elapsed = 00:00:08 . Memory (MB): peak = 2940.027 ; gain = 68.105 ; free physical = 353 ; free virtual = 4982

Phase 8 Route finalize

Router Utilization Summary
  Global Vertical Routing Utilization    = 0.422906 %
  Global Horizontal Routing Utilization  = 0.370014 %
  Routable Net Status*
  *Does not include unroutable nets such as driverless and loadless.
  Run report_route_status for detailed report.
  Number of Failed Nets               = 0
    (Failed Nets is the sum of unrouted and partially routed nets)
  Number of Unrouted Nets             = 0
  Number of Partially Routed Nets     = 0
  Number of Node Overlaps             = 0


--GLOBAL Congestion:
Utilization threshold used for congestion level computation: 0.85
Congestion Report
North Dir 1x1 Area, Max Cong = 31.5315%, No Congested Regions.
South Dir 1x1 Area, Max Cong = 34.2342%, No Congested Regions.
East Dir 1x1 Area, Max Cong = 27.9412%, No Congested Regions.
West Dir 1x1 Area, Max Cong = 32.3529%, No Congested Regions.

------------------------------
Reporting congestion hotspots
------------------------------
Direction: North
----------------
Congested clusters found at Level 0
Effective congestion level: 0 Aspect Ratio: 1 Sparse Ratio: 0
Direction: South
----------------
Congested clusters found at Level 0
Effective congestion level: 0 Aspect Ratio: 1 Sparse Ratio: 0
Direction: East
----------------
Congested clusters found at Level 0
Effective congestion level: 0 Aspect Ratio: 1 Sparse Ratio: 0
Direction: West
----------------
Congested clusters found at Level 0
Effective congestion level: 0 Aspect Ratio: 1 Sparse Ratio: 0

Phase 8 Route finalize | Checksum: 24ccf982a

Time (s): cpu = 00:00:10 ; elapsed = 00:00:08 . Memory (MB): peak = 2940.027 ; gain = 68.105 ; free physical = 353 ; free virtual = 4982

Phase 9 Verifying routed nets

 Verification completed successfully
Phase 9 Verifying routed nets | Checksum: 24ccf982a

Time (s): cpu = 00:00:10 ; elapsed = 00:00:08 . Memory (MB): peak = 2940.027 ; gain = 68.105 ; free physical = 353 ; free virtual = 4982

Phase 10 Depositing Routes
Phase 10 Depositing Routes | Checksum: 280ced1de

Time (s): cpu = 00:00:10 ; elapsed = 00:00:08 . Memory (MB): peak = 2940.027 ; gain = 68.105 ; free physical = 353 ; free virtual = 4982

Phase 11 Post Process Routing
Phase 11 Post Process Routing | Checksum: 280ced1de

Time (s): cpu = 00:00:10 ; elapsed = 00:00:08 . Memory (MB): peak = 2940.027 ; gain = 68.105 ; free physical = 353 ; free virtual = 4982
Total Elapsed time in route_design: 8.17 secs

Phase 12 Post-Route Event Processing
Phase 12 Post-Route Event Processing | Checksum: 1bc3a0cf7

Time (s): cpu = 00:00:10 ; elapsed = 00:00:08 . Memory (MB): peak = 2940.027 ; gain = 68.105 ; free physical = 353 ; free virtual = 4982
INFO: [Route 35-16] Router Completed Successfully
Ending Routing Task | Checksum: 1bc3a0cf7

Time (s): cpu = 00:00:10 ; elapsed = 00:00:08 . Memory (MB): peak = 2940.027 ; gain = 68.105 ; free physical = 353 ; free virtual = 4982

Routing Is Done.
INFO: [Common 17-83] Releasing license: Implementation
54 Infos, 2 Warnings, 0 Critical Warnings and 0 Errors encountered.
route_design completed successfully
route_design: Time (s): cpu = 00:00:10 ; elapsed = 00:00:08 . Memory (MB): peak = 2940.027 ; gain = 68.105 ; free physical = 353 ; free virtual = 4982
INFO: [Vivado 12-24828] Executing command : report_drc -file MatMul_v1_0_drc_routed.rpt -pb MatMul_v1_0_drc_routed.pb -rpx MatMul_v1_0_drc_routed.rpx
Command: report_drc -file MatMul_v1_0_drc_routed.rpt -pb MatMul_v1_0_drc_routed.pb -rpx MatMul_v1_0_drc_routed.rpx
INFO: [IP_Flow 19-1839] IP Catalog is up to date.
INFO: [DRC 23-27] Running DRC with 8 threads
INFO: [Vivado_Tcl 2-168] The results of DRC are in file /home/luke/Vivado_Bunker/Lab_2/Lab2_handout/Lab2_MatMul/Lab2_MatMul.runs/impl_1/MatMul_v1_0_drc_routed.rpt.
report_drc completed successfully
INFO: [Vivado 12-24828] Executing command : report_methodology -file MatMul_v1_0_methodology_drc_routed.rpt -pb MatMul_v1_0_methodology_drc_routed.pb -rpx MatMul_v1_0_methodology_drc_routed.rpx
Command: report_methodology -file MatMul_v1_0_methodology_drc_routed.rpt -pb MatMul_v1_0_methodology_drc_routed.pb -rpx MatMul_v1_0_methodology_drc_routed.rpx
INFO: [Timing 38-35] Done setting XDC timing constraints.
INFO: [DRC 23-133] Running Methodology with 8 threads
INFO: [Vivado_Tcl 2-1520] The results of Report Methodology are in file /home/luke/Vivado_Bunker/Lab_2/Lab2_handout/Lab2_MatMul/Lab2_MatMul.runs/impl_1/MatMul_v1_0_methodology_drc_routed.rpt.
report_methodology completed successfully
INFO: [Vivado 12-24828] Executing command : report_timing_summary -max_paths 10 -file MatMul_v1_0_timing_summary_routed.rpt -pb MatMul_v1_0_timing_summary_routed.pb -rpx MatMul_v1_0_timing_summary_routed.rpx -warn_on_violation 
INFO: [Timing 38-35] Done setting XDC timing constraints.
INFO: [Timing 38-91] UpdateTimingParams: Speed grade: -1, Delay Type: min_max.
INFO: [Timing 38-191] Multithreading enabled for timing update using a maximum of 8 CPUs
WARNING: [Timing 38-313] There are no user specified timing constraints. Timing constraints are needed for proper timing analysis.
INFO: [Vivado 12-24838] Running report commands "report_bus_skew, report_incremental_reuse, report_route_status" in parallel.
Running report generation with 3 threads.
INFO: [Vivado 12-24828] Executing command : report_incremental_reuse -file MatMul_v1_0_incremental_reuse_routed.rpt
INFO: [Vivado_Tcl 4-1062] Incremental flow is disabled. No incremental reuse Info to report.
INFO: [Vivado 12-24828] Executing command : report_route_status -file MatMul_v1_0_route_status.rpt -pb MatMul_v1_0_route_status.pb
INFO: [Vivado 12-24828] Executing command : report_bus_skew -warn_on_violation -file MatMul_v1_0_bus_skew_routed.rpt -pb MatMul_v1_0_bus_skew_routed.pb -rpx MatMul_v1_0_bus_skew_routed.rpx
INFO: [Timing 38-91] UpdateTimingParams: Speed grade: -1, Delay Type: min_max.
INFO: [Timing 38-191] Multithreading enabled for timing update using a maximum of 8 CPUs
INFO: [Vivado 12-24828] Executing command : report_power -file MatMul_v1_0_power_routed.rpt -pb MatMul_v1_0_power_summary_routed.pb -rpx MatMul_v1_0_power_routed.rpx
Command: report_power -file MatMul_v1_0_power_routed.rpt -pb MatMul_v1_0_power_summary_routed.pb -rpx MatMul_v1_0_power_routed.rpx
WARNING: [Power 33-232] No user defined clocks were found in the design! Power estimation will be inaccurate until this is corrected.
Resolution: Please specify clocks using create_clock/create_generated_clock for sequential elements. For pure combinatorial circuits, please specify a virtual clock, otherwise the vectorless estimation might be inaccurate
Running Vector-less Activity Propagation...

Finished Running Vector-less Activity Propagation
74 Infos, 4 Warnings, 0 Critical Warnings and 0 Errors encountered.
report_power completed successfully
INFO: [Vivado 12-24828] Executing command : report_clock_utilization -file MatMul_v1_0_clock_utilization_routed.rpt
Write ShapeDB Complete: Time (s): cpu = 00:00:00 ; elapsed = 00:00:00 . Memory (MB): peak = 3108.402 ; gain = 0.000 ; free physical = 335 ; free virtual = 4850
Wrote PlaceDB: Time (s): cpu = 00:00:00.04 ; elapsed = 00:00:00.03 . Memory (MB): peak = 3108.402 ; gain = 0.000 ; free physical = 334 ; free virtual = 4850
Wrote PulsedLatchDB: Time (s): cpu = 00:00:00 ; elapsed = 00:00:00 . Memory (MB): peak = 3108.402 ; gain = 0.000 ; free physical = 334 ; free virtual = 4850
Writing XDEF routing.
Writing XDEF routing logical nets.
Writing XDEF routing special nets.
Wrote RouteStorage: Time (s): cpu = 00:00:00.02 ; elapsed = 00:00:00.01 . Memory (MB): peak = 3108.402 ; gain = 0.000 ; free physical = 334 ; free virtual = 4851
Wrote Netlist Cache: Time (s): cpu = 00:00:00 ; elapsed = 00:00:00 . Memory (MB): peak = 3108.402 ; gain = 0.000 ; free physical = 334 ; free virtual = 4851
Wrote Device Cache: Time (s): cpu = 00:00:00 ; elapsed = 00:00:00.01 . Memory (MB): peak = 3108.402 ; gain = 0.000 ; free physical = 334 ; free virtual = 4852
Write Physdb Complete: Time (s): cpu = 00:00:00.07 ; elapsed = 00:00:00.05 . Memory (MB): peak = 3108.402 ; gain = 0.000 ; free physical = 334 ; free virtual = 4852
INFO: [Common 17-1381] The checkpoint '/home/luke/Vivado_Bunker/Lab_2/Lab2_handout/Lab2_MatMul/Lab2_MatMul.runs/impl_1/MatMul_v1_0_routed.dcp' has been generated.
INFO: [Common 17-206] Exiting Vivado at Wed Nov 12 23:30:23 2025...
